Instance   Model                Score      Time (ms) 
-------------------------------------------------------
Running: /home/huyngo/miniconda3/envs/optw_env/bin/python inference_optw_rl.py --instance c101 --model_name gat_transformer_bench --infe_type bs --max_beam_number 10 --saved_model_epoch 5000 --device cpu --generated
Error running inference for c101 gat_transformer_bench
Loading model for instance c101 ...
Loading GAT-Transformer model with 3 GAT layer(s).
Infering routes for 64 generated instances...

  0%|          | 0/64 [00:00<?, ?it/s]
  2%|▏         | 1/64 [00:18<19:29, 18.56s/it]
  3%|▎         | 2/64 [00:32<16:15, 15.73s/it]
  5%|▍         | 3/64 [00:41<12:59, 12.78s/it]
  6%|▋         | 4/64 [00:53<12:37, 12.63s/it]
  8%|▊         | 5/64 [01:04<11:43, 11.93s/it]
  9%|▉         | 6/64 [01:13<10:27, 10.81s/it]
 11%|█         | 7/64 [01:16<07:53,  8.31s/it]
 12%|█▎        | 8/64 [01:25<07:52,  8.45s/it]
 14%|█▍        | 9/64 [01:39<09:17, 10.14s/it]
 16%|█▌        | 10/64 [01:51<09:50, 10.93s/it]
 17%|█▋        | 11/64 [01:54<07:30,  8.50s/it]
 19%|█▉        | 12/64 [02:00<06:32,  7.54s/it]
 20%|██        | 13/64 [02:04<05:36,  6.60s/it]
 22%|██▏       | 14/64 [02:06<04:25,  5.31s/it]
 23%|██▎       | 15/64 [02:10<03:55,  4.80s/it]
 25%|██▌       | 16/64 [02:24<06:01,  7.52s/it]
 27%|██▋       | 17/64 [02:34<06:30,  8.31s/it]
 28%|██▊       | 18/64 [02:43<06:35,  8.61s/it]
 30%|██▉       | 19/64 [02:47<05:27,  7.28s/it]
 31%|███▏      | 20/64 [02:57<05:52,  8.01s/it]
 33%|███▎      | 21/64 [03:11<06:55,  9.67s/it]
 34%|███▍      | 22/64 [03:14<05:24,  7.72s/it]
 36%|███▌      | 23/64 [03:18<04:31,  6.62s/it]
 38%|███▊      | 24/64 [03:19<03:17,  4.93s/it]
 39%|███▉      | 25/64 [03:24<03:10,  4.89s/it]
 41%|████      | 26/64 [03:25<02:26,  3.86s/it]
 42%|████▏     | 27/64 [03:29<02:25,  3.94s/it]
c101       gat_transformer_bench FAILED     FAILED    
Running: /home/huyngo/miniconda3/envs/optw_env/bin/python inference_optw_rl.py --instance r101 --model_name gat_transformer_bench --infe_type bs --max_beam_number 10 --saved_model_epoch 5000 --device cpu --generated
r101       gat_transformer_bench 114.0      4428      
Running: /home/huyngo/miniconda3/envs/optw_env/bin/python inference_optw_rl.py --instance rc101 --model_name gat_transformer_bench --infe_type bs --max_beam_number 10 --saved_model_epoch 5000 --device cpu --generated
Error running inference for rc101 gat_transformer_bench
Loading model for instance rc101 ...
Loading GAT-Transformer model with 3 GAT layer(s).
Infering routes for 64 generated instances...

  0%|          | 0/64 [00:00<?, ?it/s]
  2%|▏         | 1/64 [00:07<07:55,  7.55s/it]
  3%|▎         | 2/64 [00:15<08:05,  7.83s/it]
  5%|▍         | 3/64 [00:16<04:56,  4.86s/it]
  6%|▋         | 4/64 [00:25<06:14,  6.25s/it]
  8%|▊         | 5/64 [00:28<04:59,  5.08s/it]
  9%|▉         | 6/64 [00:38<06:42,  6.95s/it]
 11%|█         | 7/64 [00:46<06:44,  7.10s/it]
 12%|█▎        | 8/64 [00:46<04:36,  4.94s/it]
 14%|█▍        | 9/64 [00:54<05:30,  6.01s/it]
 16%|█▌        | 10/64 [01:06<06:55,  7.69s/it]
 17%|█▋        | 11/64 [01:13<06:32,  7.40s/it]
 19%|█▉        | 12/64 [01:15<05:08,  5.93s/it]
 20%|██        | 13/64 [01:23<05:31,  6.49s/it]
 22%|██▏       | 14/64 [01:29<05:14,  6.29s/it]
 23%|██▎       | 15/64 [01:36<05:14,  6.42s/it]
 25%|██▌       | 16/64 [01:47<06:27,  8.07s/it]
 27%|██▋       | 17/64 [01:49<04:40,  5.97s/it]
 28%|██▊       | 18/64 [01:53<04:12,  5.49s/it]
 30%|██▉       | 19/64 [02:00<04:27,  5.95s/it]
 31%|███▏      | 20/64 [02:02<03:35,  4.90s/it]
 33%|███▎      | 21/64 [02:04<02:52,  4.02s/it]
 34%|███▍      | 22/64 [02:11<03:26,  4.91s/it]
 36%|███▌      | 23/64 [02:13<02:36,  3.82s/it]
 38%|███▊      | 24/64 [02:23<03:52,  5.82s/it]
 39%|███▉      | 25/64 [02:29<03:49,  5.88s/it]
 41%|████      | 26/64 [02:33<03:23,  5.36s/it]
 41%|████      | 26/64 [02:55<04:16,  6.74s/it]
Traceback (most recent call last):
  File "inference_optw_rl.py", line 222, in <module>
    which_inf=args.infe_type)
  File "/home/huyngo/Project/ML/optw_rl/src/inference_utils.py", line 118, in run_multiple
    model, which_inf=which_inf)
  File "/home/huyngo/Project/ML/optw_rl/src/inference_utils.py", line 90, in run_single
    args, run_episode_inf)
  File "/home/huyngo/Project/ML/optw_rl/src/inference_utils.py", line 35, in bs_inference
    seq, _ = run_episode(binst_data, bdata_scaled, start_time, dist_mat, 'greedy', nb)
  File "/home/huyngo/miniconda3/envs/optw_env/lib/python3.7/site-packages/torch/nn/modules/module.py", line 1194, in _call_impl
    return forward_call(*input, **kwargs)
  File "/home/huyngo/Project/ML/optw_rl/src/solution_construction.py", line 327, in forward
    blactions[:, step+1] = bpres_actions
IndexError: index 102 is out of bounds for dimension 1 with size 102

rc101      gat_transformer_bench FAILED     FAILED    
Running: /home/huyngo/miniconda3/envs/optw_env/bin/python inference_optw_rl.py --instance pr01 --model_name gat_transformer_bench --infe_type bs --max_beam_number 10 --saved_model_epoch 5000 --device cpu --generated
pr01       gat_transformer_bench 190.02     11357     
No checkpoint found for t101 gat_transformer_bench
t101       gat_transformer_bench FAILED     FAILED    

Saved results to results/generated_beam_results.csv
